0 info it worked if it ends with ok
1 verbose cli [ 'C:\\Program Files\\nodejs\\node.exe',
1 verbose cli   'C:\\Program Files\\nodejs\\node_modules\\npm\\bin\\npm-cli.js',
1 verbose cli   'install' ]
2 info using npm@3.10.10
3 info using node@v7.3.0
4 silly loadCurrentTree Starting
5 silly install loadCurrentTree
6 silly install readLocalPackageData
7 silly install normalizeTree
8 silly loadCurrentTree Finishing
9 silly loadIdealTree Starting
10 silly install loadIdealTree
11 silly cloneCurrentTree Starting
12 silly install cloneCurrentTreeToIdealTree
13 silly cloneCurrentTree Finishing
14 silly loadShrinkwrap Starting
15 silly install loadShrinkwrap
16 silly loadShrinkwrap Finishing
17 silly loadAllDepsIntoIdealTree Starting
18 silly install loadAllDepsIntoIdealTree
19 silly fetchNamedPackageData jquery-pjax
20 silly mapToRegistry name jquery-pjax
21 silly mapToRegistry using default registry
22 silly mapToRegistry registry https://registry.npmjs.org/
23 silly mapToRegistry data Result {
23 silly mapToRegistry   raw: 'jquery-pjax',
23 silly mapToRegistry   scope: null,
23 silly mapToRegistry   escapedName: 'jquery-pjax',
23 silly mapToRegistry   name: 'jquery-pjax',
23 silly mapToRegistry   rawSpec: '',
23 silly mapToRegistry   spec: 'latest',
23 silly mapToRegistry   type: 'tag' }
24 silly mapToRegistry uri https://registry.npmjs.org/jquery-pjax
25 verbose request uri https://registry.npmjs.org/jquery-pjax
26 verbose request no auth needed
27 info attempt registry request try #1 at 2:54:52 PM
28 verbose request id 10ff8d31a720d469
29 http request GET https://registry.npmjs.org/jquery-pjax
30 http 200 https://registry.npmjs.org/jquery-pjax
31 verbose headers { server: 'nginx/1.10.1',
31 verbose headers   'content-type': 'application/json',
31 verbose headers   'last-modified': 'Mon, 12 Oct 2015 20:54:03 GMT',
31 verbose headers   etag: 'W/"561c1deb-1f9"',
31 verbose headers   'content-encoding': 'gzip',
31 verbose headers   'cache-control': 'max-age=300',
31 verbose headers   'content-length': '290',
31 verbose headers   'accept-ranges': 'bytes',
31 verbose headers   date: 'Thu, 19 Jan 2017 20:54:51 GMT',
31 verbose headers   via: '1.1 varnish',
31 verbose headers   age: '0',
31 verbose headers   connection: 'keep-alive',
31 verbose headers   'x-served-by': 'cache-ord1732-ORD',
31 verbose headers   'x-cache': 'MISS',
31 verbose headers   'x-cache-hits': '0',
31 verbose headers   'x-timer': 'S1484859291.594885,VS0,VE41',
31 verbose headers   vary: 'Accept-Encoding' }
32 silly get cb [ 200,
32 silly get   { server: 'nginx/1.10.1',
32 silly get     'content-type': 'application/json',
32 silly get     'last-modified': 'Mon, 12 Oct 2015 20:54:03 GMT',
32 silly get     etag: 'W/"561c1deb-1f9"',
32 silly get     'content-encoding': 'gzip',
32 silly get     'cache-control': 'max-age=300',
32 silly get     'content-length': '290',
32 silly get     'accept-ranges': 'bytes',
32 silly get     date: 'Thu, 19 Jan 2017 20:54:51 GMT',
32 silly get     via: '1.1 varnish',
32 silly get     age: '0',
32 silly get     connection: 'keep-alive',
32 silly get     'x-served-by': 'cache-ord1732-ORD',
32 silly get     'x-cache': 'MISS',
32 silly get     'x-cache-hits': '0',
32 silly get     'x-timer': 'S1484859291.594885,VS0,VE41',
32 silly get     vary: 'Accept-Encoding' } ]
33 verbose get saving jquery-pjax to C:\Users\tbramer\AppData\Roaming\npm-cache\registry.npmjs.org\jquery-pjax\.cache.json
34 verbose correctMkdir C:\Users\tbramer\AppData\Roaming\npm-cache correctMkdir not in flight; initializing
35 verbose stack TypeError: Cannot convert undefined or null to object
35 verbose stack     at Function.keys (<anonymous>)
35 verbose stack     at pickVersionFromRegistryDocument (C:\Program Files\nodejs\node_modules\npm\lib\fetch-package-metadata.js:125:29)
35 verbose stack     at C:\Program Files\nodejs\node_modules\npm\node_modules\iferr\index.js:13:50
35 verbose stack     at C:\Program Files\nodejs\node_modules\npm\lib\utils\pulse-till-done.js:20:8
35 verbose stack     at saved (C:\Program Files\nodejs\node_modules\npm\lib\cache\caching-client.js:174:7)
35 verbose stack     at C:\Program Files\nodejs\node_modules\npm\node_modules\graceful-fs\polyfills.js:241:18
35 verbose stack     at FSReqWrap.oncomplete (fs.js:111:15)
36 verbose cwd C:\Users\tbramer\Documents\GitHub\jekyll-gulp-sass-browser-sync
37 error Windows_NT 10.0.14393
38 error argv "C:\\Program Files\\nodejs\\node.exe" "C:\\Program Files\\nodejs\\node_modules\\npm\\bin\\npm-cli.js" "install"
39 error node v7.3.0
40 error npm  v3.10.10
41 error Cannot convert undefined or null to object
42 error If you need help, you may report this error at:
42 error     <https://github.com/npm/npm/issues>
43 verbose exit [ 1, true ]
